#
# There is insufficient memory for the Java Runtime Environment to continue.
# Native memory allocation (mmap) failed to map 266338304 bytes for G1 virtual space
# Possible reasons:
#   The system is out of physical RAM or swap space
#   The process is running with CompressedOops enabled, and the Java Heap may be blocking the growth of the native heap
# Possible solutions:
#   Reduce memory load on the system
#   Increase physical memory or swap space
#   Check if swap backing store is full
#   Decrease Java heap size (-Xmx/-Xms)
#   Decrease number of Java threads
#   Decrease Java thread stack sizes (-Xss)
#   Set larger code cache with -XX:ReservedCodeCacheSize=
#   JVM is running with Zero Based Compressed Oops mode in which the Java heap is
#     placed in the first 32GB address space. The Java Heap base address is the
#     maximum limit for the native heap growth. Please use -XX:HeapBaseMinAddress
#     to set the Java Heap base and to place the Java Heap above 32GB virtual address.
# This output file may be truncated or incomplete.
#
#  Out of Memory Error (os_windows.cpp:3769), pid=7824, tid=4740
#
# JRE version:  (17.0.6) (build )
# Java VM: OpenJDK 64-Bit Server VM (17.0.6+0-b2043.56-10027231, mixed mode, sharing, tiered, compressed oops, compressed class ptrs, g1 gc, windows-amd64)
# No core dump will be written. Minidumps are not enabled by default on client versions of Windows
#

---------------  S U M M A R Y ------------

Command Line: 

Host: Intel(R) Core(TM) i5-9300H CPU @ 2.40GHz, 8 cores, 15G,  Windows 11 , 64 bit Build 22621 (10.0.22621.2506)
Time: Wed Jan  3 10:33:06 2024 W. Central Africa Standard Time elapsed time: 0.009958 seconds (0d 0h 0m 0s)

---------------  T H R E A D  ---------------

Current thread (0x000002170d7181a0):  JavaThread "Unknown thread" [_thread_in_vm, id=4740, stack(0x000000c1cbd00000,0x000000c1cbe00000)]

Stack: [0x000000c1cbd00000,0x000000c1cbe00000]
Native frames: (J=compiled Java code, j=interpreted, Vv=VM code, C=native code)
V  [jvm.dll+0x683c9a]
V  [jvm.dll+0x8427a4]
V  [jvm.dll+0x843f9e]
V  [jvm.dll+0x844603]
V  [jvm.dll+0x249b75]
V  [jvm.dll+0x680b69]
V  [jvm.dll+0x67505a]
V  [jvm.dll+0x309acb]
V  [jvm.dll+0x310f86]
V  [jvm.dll+0x3608ee]
V  [jvm.dll+0x360b1f]
V  [jvm.dll+0x2dfbf8]
V  [jvm.dll+0x2e0b64]
V  [jvm.dll+0x814091]
V  [jvm.dll+0x36e6a1]
V  [jvm.dll+0x7f35cc]
V  [jvm.dll+0x3f0e8f]
V  [jvm.dll+0x3f29d1]
C  [jli.dll+0x526b]
C  [ucrtbase.dll+0x29363]
C  [KERNEL32.DLL+0x1257d]
C  [ntdll.dll+0x5aa58]


---------------  P R O C E S S  ---------------

Threads class SMR info:
_java_thread_list=0x00007ffab725c058, length=0, elements={
}

Java Threads: ( => current thread )

Other Threads:
  0x000002170d782c20 GCTaskThread "GC Thread#0" [stack: 0x000000c1cbe00000,0x000000c1cbf00000] [id=32304]
  0x000002170d794910 ConcurrentGCThread "G1 Main Marker" [stack: 0x000000c1cbf00000,0x000000c1cc000000] [id=18648]
  0x000002170d795ac0 ConcurrentGCThread "G1 Conc#0" [stack: 0x000000c1cc000000,0x000000c1cc100000] [id=32576]

[error occurred during error reporting (printing all threads), id 0xc0000005, EXCEPTION_ACCESS_VIOLATION (0xc0000005) at pc=0x00007ffab6a10797]

VM state: not at safepoint (not fully initialized)

VM Mutex/Monitor currently owned by a thread:  ([mutex/lock_event])
[0x000002170d714aa0] Heap_lock - owner thread: 0x000002170d7181a0

Heap address: 0x0000000702600000, size: 4058 MB, Compressed Oops mode: Zero based, Oop shift amount: 3

CDS archive(s) mapped at: [0x0000000000000000-0x0000000000000000-0x0000000000000000), size 0, SharedBaseAddress: 0x0000000800000000, ArchiveRelocationMode: 0.
Narrow klass base: 0x0000000000000000, Narrow klass shift: 0, Narrow klass range: 0x0

GC Precious Log:
<Empty>

Heap:
 garbage-first heap   total 0K, used 0K [0x0000000702600000, 0x0000000800000000)
  region size 2048K, 0 young (0K), 0 survivors (0K)

[error occurred during error reporting (printing heap information), id 0xc0000005, EXCEPTION_ACCESS_VIOLATION (0xc0000005) at pc=0x00007ffab6dfda89]

GC Heap History (0 events):
No events

Dll operation events (1 events):
Event: 0.006 Loaded shared library C:\Program Files\Android\Android Studio\jbr\bin\java.dll

Deoptimization events (0 events):
No events

Classes unloaded (0 events):
No events

Classes redefined (0 events):
No events

Internal exceptions (0 events):
No events

VM Operations (0 events):
No events

Events (0 events):
No events


Dynamic libraries:
0x00007ff7b18b0000 - 0x00007ff7b18ba000 	C:\Program Files\Android\Android Studio\jbr\bin\java.exe
0x00007ffb85750000 - 0x00007ffb85967000 	C:\WINDOWS\SYSTEM32\ntdll.dll
0x00007ffb83e00000 - 0x00007ffb83ec4000 	C:\WINDOWS\System32\KERNEL32.DLL
0x00007ffb82dd0000 - 0x00007ffb83176000 	C:\WINDOWS\System32\KERNELBASE.dll
0x00007ffb82ac0000 - 0x00007ffb82bd1000 	C:\WINDOWS\System32\ucrtbase.dll
0x00007ffb64dc0000 - 0x00007ffb64ddb000 	C:\Program Files\Android\Android Studio\jbr\bin\VCRUNTIME140.dll
0x00007ffb6cc30000 - 0x00007ffb6cc47000 	C:\Program Files\Android\Android Studio\jbr\bin\jli.dll
0x00007ffb84020000 - 0x00007ffb841ce000 	C:\WINDOWS\System32\USER32.dll
0x00007ffb82da0000 - 0x00007ffb82dc6000 	C:\WINDOWS\System32\win32u.dll
0x00007ffb5cfa0000 - 0x00007ffb5d233000 	C:\WINDOWS\WinSxS\amd64_microsoft.windows.common-controls_6595b64144ccf1df_6.0.22621.2506_none_270c5ae97388e100\COMCTL32.dll
0x00007ffb85370000 - 0x00007ffb85399000 	C:\WINDOWS\System32\GDI32.dll
0x00007ffb846f0000 - 0x00007ffb84797000 	C:\WINDOWS\System32\msvcrt.dll
0x00007ffb82c80000 - 0x00007ffb82d98000 	C:\WINDOWS\System32\gdi32full.dll
0x00007ffb82be0000 - 0x00007ffb82c7a000 	C:\WINDOWS\System32\msvcp_win.dll
0x00007ffb846b0000 - 0x00007ffb846e1000 	C:\WINDOWS\System32\IMM32.DLL
0x00007ffb6aa70000 - 0x00007ffb6aa7c000 	C:\Program Files\Android\Android Studio\jbr\bin\vcruntime140_1.dll
0x00007ffb05730000 - 0x00007ffb057bd000 	C:\Program Files\Android\Android Studio\jbr\bin\msvcp140.dll
0x00007ffab6720000 - 0x00007ffab738e000 	C:\Program Files\Android\Android Studio\jbr\bin\server\jvm.dll
0x00007ffb85490000 - 0x00007ffb85541000 	C:\WINDOWS\System32\ADVAPI32.dll
0x00007ffb84b40000 - 0x00007ffb84be5000 	C:\WINDOWS\System32\sechost.dll
0x00007ffb84c00000 - 0x00007ffb84d17000 	C:\WINDOWS\System32\RPCRT4.dll
0x00007ffb5f060000 - 0x00007ffb5f069000 	C:\WINDOWS\SYSTEM32\WSOCK32.dll
0x00007ffb7b490000 - 0x00007ffb7b49a000 	C:\WINDOWS\SYSTEM32\VERSION.dll
0x00007ffb7c0f0000 - 0x00007ffb7c124000 	C:\WINDOWS\SYSTEM32\WINMM.dll
0x00007ffb85410000 - 0x00007ffb85481000 	C:\WINDOWS\System32\WS2_32.dll
0x00007ffb81bb0000 - 0x00007ffb81bc8000 	C:\WINDOWS\SYSTEM32\kernel.appcore.dll
0x00007ffb6a740000 - 0x00007ffb6a74a000 	C:\Program Files\Android\Android Studio\jbr\bin\jimage.dll
0x00007ffb80570000 - 0x00007ffb807a3000 	C:\WINDOWS\SYSTEM32\DBGHELP.DLL
0x00007ffb847b0000 - 0x00007ffb84b39000 	C:\WINDOWS\System32\combase.dll
0x00007ffb83d20000 - 0x00007ffb83df7000 	C:\WINDOWS\System32\OLEAUT32.dll
0x00007ffb5e920000 - 0x00007ffb5e952000 	C:\WINDOWS\SYSTEM32\dbgcore.DLL
0x00007ffb832b0000 - 0x00007ffb8332a000 	C:\WINDOWS\System32\bcryptPrimitives.dll
0x00007ffb64d70000 - 0x00007ffb64d95000 	C:\Program Files\Android\Android Studio\jbr\bin\java.dll

dbghelp: loaded successfully - version: 4.0.5 - missing functions: none
symbol engine: initialized successfully - sym options: 0x614 - pdb path: .;C:\Program Files\Android\Android Studio\jbr\bin;C:\WINDOWS\SYSTEM32;C:\WINDOWS\WinSxS\amd64_microsoft.windows.common-controls_6595b64144ccf1df_6.0.22621.2506_none_270c5ae97388e100;C:\Program Files\Android\Android Studio\jbr\bin\server

VM Arguments:
java_command: <unknown>
java_class_path (initial): D:\Giggs\joyoo\android\\gradle\wrapper\gradle-wrapper.jar
Launcher Type: SUN_STANDARD

[Global flags]
     intx CICompilerCount                          = 4                                         {product} {ergonomic}
     uint ConcGCThreads                            = 2                                         {product} {ergonomic}
     uint G1ConcRefinementThreads                  = 8                                         {product} {ergonomic}
   size_t G1HeapRegionSize                         = 2097152                                   {product} {ergonomic}
    uintx GCDrainStackTargetSize                   = 64                                        {product} {ergonomic}
   size_t InitialHeapSize                          = 266338304                                 {product} {ergonomic}
   size_t MarkStackSize                            = 4194304                                   {product} {ergonomic}
   size_t MaxHeapSize                              = 4255121408                                {product} {ergonomic}
   size_t MinHeapDeltaBytes                        = 2097152                                   {product} {ergonomic}
   size_t MinHeapSize                              = 8388608                                   {product} {ergonomic}
    uintx NonNMethodCodeHeapSize                   = 5839372                                {pd product} {ergonomic}
    uintx NonProfiledCodeHeapSize                  = 122909434                              {pd product} {ergonomic}
    uintx ProfiledCodeHeapSize                     = 122909434                              {pd product} {ergonomic}
    uintx ReservedCodeCacheSize                    = 251658240                              {pd product} {ergonomic}
     bool SegmentedCodeCache                       = true                                      {product} {ergonomic}
   size_t SoftMaxHeapSize                          = 4255121408                             {manageable} {ergonomic}
     bool UseCompressedClassPointers               = true                           {product lp64_product} {ergonomic}
     bool UseCompressedOops                        = true                           {product lp64_product} {ergonomic}
     bool UseG1GC                                  = true                                      {product} {ergonomic}
     bool UseLargePagesIndividualAllocation        = false                                  {pd product} {ergonomic}

Logging:
Log output configuration:
 #0: stdout all=warning uptime,level,tags
 #1: stderr all=off uptime,level,tags

Environment Variables:
JAVA_HOME=C:\Program Files\Android\Android Studio\jbr
CLASSPATH=D:\Giggs\joyoo\android\\gradle\wrapper\gradle-wrapper.jar
PATH=C:\Program Files\Android\Android Studio\jbr\bin;C:\Program Files\Microsoft\jdk-11.0.16.101-hotspot\bin;C:\WINDOWS\system32;C:\WINDOWS;C:\WINDOWS\System32\Wbem;C:\WINDOWS\System32\WindowsPowerShell\v1.0\;C:\WINDOWS\System32\OpenSSH\;C:\Program Files\Microsoft SQL Server\150\Tools\Binn\;C:\Program Files\Microsoft SQL Server\Client SDK\ODBC\170\Tools\Binn\;C:\Program Files\dotnet\;C:\srt\flutter\bin;C:\Program Files\Git\cmd;C:\Users\SavertechPC\AppData\Local\Microsoft\WindowsApps;C:\Users\SavertechPC\.dotnet\tools;C:\Users\SavertechPC\AppData\Local\Programs\Microsoft VS Code\bin;C:\Users\SavertechPC\AppData\Local\GitHubDesktop\bin;C:\srt\flutter\bin\mingit\cmd;C:\srt\flutter\bin\mingit\cmd
USERNAME=SavertechPC
OS=Windows_NT
PROCESSOR_IDENTIFIER=Intel64 Family 6 Model 158 Stepping 10, GenuineIntel
TMP=C:\Users\SAVERT~1\AppData\Local\Temp
TEMP=C:\Users\SAVERT~1\AppData\Local\Temp


JNI global refs:

[error occurred during error reporting (JNI global references), id 0xc0000005, EXCEPTION_ACCESS_VIOLATION (0xc0000005) at pc=0x00007ffab67d7a10]


---------------  S Y S T E M  ---------------

OS:
 Windows 11 , 64 bit Build 22621 (10.0.22621.2506)
OS uptime: 4 days 1:59 hours

CPU: total 8 (initial active 8) (4 cores per cpu, 2 threads per core) family 6 model 158 stepping 10 microcode 0xde, cx8, cmov, fxsr, ht, mmx, 3dnowpref, sse, sse2, sse3, ssse3, sse4.1, sse4.2, popcnt, lzcnt, tsc, tscinvbit, avx, avx2, aes, erms, clmul, bmi1, bmi2, adx, fma, vzeroupper, clflush, clflushopt

Memory: 4k page, system-wide physical 16225M (1445M free)
TotalPageFile size 28847M (AvailPageFile size 68M)
current process WorkingSet (physical memory assigned to process): 11M, peak: 11M
current process commit charge ("private bytes"): 60M, peak: 314M

vm_info: OpenJDK 64-Bit Server VM (17.0.6+0-b2043.56-10027231) for windows-amd64 JRE (17.0.6+0-b2043.56-10027231), built on Apr 28 2023 00:43:19 by "androidbuild" with MS VC++ 16.10 / 16.11 (VS2019)

END.
